2018-12-21 23:09:16,688 - guazi.spiders.car_buy_info - INFO - 开始爬取！
2018-12-21 23:09:19,654 - guazi.spiders.car_buy_info - INFO - 解析HC-68851722
2018-12-21 23:09:19,700 - guazi.spiders.car_buy_info - INFO - 解析HC-66764102
2018-12-21 23:09:19,749 - guazi.spiders.car_buy_info - INFO - 解析HC-64077557
2018-12-21 23:09:19,833 - guazi.spiders.car_buy_info - INFO - 解析HC-68486704
2018-12-21 23:09:19,912 - guazi.spiders.car_buy_info - INFO - 解析HC-64607893
2018-12-21 23:09:19,962 - guazi.spiders.car_buy_info - INFO - 解析HC-64932709
2018-12-21 23:09:20,002 - guazi.spiders.car_buy_info - INFO - 解析HC-58058965
2018-12-21 23:09:20,067 - guazi.spiders.car_buy_info - INFO - 解析HC-66065171
2018-12-21 23:09:20,105 - guazi.spiders.car_buy_info - INFO - 解析HC-68202909
2018-12-21 23:09:20,233 - guazi.spiders.car_buy_info - INFO - 解析HC-68438816
2018-12-21 23:09:20,272 - guazi.spiders.car_buy_info - INFO - 解析HC-55503613
2018-12-21 23:09:20,306 - guazi.spiders.car_buy_info - INFO - 解析HC-68345748
2018-12-21 23:09:20,411 - guazi.spiders.car_buy_info - INFO - 解析HC-67578110
2018-12-21 23:09:20,463 - guazi.spiders.car_buy_info - INFO - 解析HC-65857811
2018-12-21 23:09:20,500 - guazi.spiders.car_buy_info - INFO - 解析HC-67412051
2018-12-21 23:09:20,571 - guazi.spiders.car_buy_info - INFO - 解析HC-68353302
2018-12-21 23:09:20,634 - guazi.spiders.car_buy_info - INFO - 解析HC-67924429
2018-12-21 23:09:20,693 - guazi.spiders.car_buy_info - INFO - 解析HC-6269465
2018-12-21 23:09:20,730 - guazi.spiders.car_buy_info - INFO - 解析HC-68847161
2018-12-21 23:09:20,782 - guazi.spiders.car_buy_info - INFO - 解析HC-67951599
2018-12-21 23:09:20,875 - guazi.spiders.car_buy_info - INFO - 解析HC-64339960
2018-12-21 23:09:20,923 - guazi.spiders.car_buy_info - INFO - 解析HC-66085965
2018-12-21 23:09:20,964 - guazi.spiders.car_buy_info - INFO - 解析HC-66448962
2018-12-21 23:09:20,999 - guazi.spiders.car_buy_info - INFO - 解析HC-67156260
2018-12-21 23:09:21,145 - guazi.spiders.car_buy_info - INFO - 解析HC-67862097
2018-12-21 23:09:21,204 - guazi.spiders.car_buy_info - INFO - 解析HC-68658306
2018-12-21 23:09:21,289 - guazi.spiders.car_buy_info - INFO - 解析HC-64299815
2018-12-21 23:09:21,354 - guazi.spiders.car_buy_info - INFO - 解析HC-58637717
2018-12-21 23:09:21,416 - guazi.spiders.car_buy_info - INFO - 解析HC-62815170
2018-12-21 23:09:21,477 - guazi.spiders.car_buy_info - INFO - 解析HC-66551277
2018-12-21 23:09:21,541 - guazi.spiders.car_buy_info - INFO - 解析HC-60020750
2018-12-21 23:09:21,606 - guazi.spiders.car_buy_info - INFO - 解析HC-61874209
2018-12-21 23:09:21,641 - guazi.spiders.car_buy_info - INFO - 解析HC-66330325
2018-12-21 23:09:21,721 - guazi.spiders.car_buy_info - INFO - 解析HC-66352508
2018-12-21 23:09:21,791 - guazi.spiders.car_buy_info - INFO - 解析HC-62027588
2018-12-21 23:09:21,833 - guazi.spiders.car_buy_info - INFO - 解析HC-59183134
2018-12-21 23:09:21,875 - guazi.spiders.car_buy_info - INFO - 解析HC-66191550
2018-12-21 23:09:22,007 - guazi.spiders.car_buy_info - INFO - 解析HC-44771825
2018-12-21 23:09:22,050 - guazi.spiders.car_buy_info - INFO - 解析HC-64830633
2018-12-21 23:09:22,088 - guazi.spiders.car_buy_info - INFO - 解析HC-67335474
2018-12-21 23:09:22,200 - guazi.spiders.car_buy_info - INFO - 解析HC-64873170
2018-12-21 23:09:22,233 - guazi.spiders.car_buy_info - INFO - 解析HC-64803585
2018-12-21 23:09:22,272 - guazi.spiders.car_buy_info - INFO - 解析HC-68224725
2018-12-21 23:09:22,309 - guazi.spiders.car_buy_info - INFO - 解析HC-67718660
2018-12-21 23:09:22,433 - guazi.spiders.car_buy_info - INFO - 解析HC-68168319
2018-12-21 23:09:22,469 - guazi.spiders.car_buy_info - INFO - 解析HC-58998487
2018-12-21 23:09:22,504 - guazi.spiders.car_buy_info - INFO - 解析HC-67980556
2018-12-21 23:09:22,616 - guazi.spiders.car_buy_info - INFO - 解析HC-56836135
2018-12-21 23:09:22,650 - guazi.spiders.car_buy_info - INFO - 解析HC-59299115
2018-12-21 23:09:22,689 - guazi.spiders.car_buy_info - INFO - 解析HC-63172316
2018-12-21 23:09:22,725 - guazi.spiders.car_buy_info - INFO - 解析HC-63963601
2018-12-21 23:09:22,852 - guazi.spiders.car_buy_info - INFO - 解析HC-33099847
2018-12-21 23:09:22,886 - guazi.spiders.car_buy_info - INFO - 解析HC-66350307
2018-12-21 23:09:22,922 - guazi.spiders.car_buy_info - INFO - 解析HC-66837123
2018-12-21 23:09:22,958 - guazi.spiders.car_buy_info - INFO - 解析HC-65690883
2018-12-21 23:09:23,082 - guazi.spiders.car_buy_info - INFO - 解析HC-67135625
2018-12-21 23:09:23,122 - guazi.spiders.car_buy_info - INFO - 解析HC-67383053
2018-12-21 23:09:23,161 - guazi.spiders.car_buy_info - INFO - 解析HC-59578849
2018-12-21 23:09:23,254 - guazi.spiders.car_buy_info - INFO - 解析HC-68404917
2018-12-21 23:09:23,287 - guazi.spiders.car_buy_info - INFO - 解析HC-61342957
2018-12-21 23:09:23,320 - guazi.spiders.car_buy_info - INFO - 解析HC-66335548
2018-12-21 23:09:23,355 - guazi.spiders.car_buy_info - INFO - 解析HC-64949085
2018-12-21 23:09:23,389 - guazi.spiders.car_buy_info - INFO - 解析HC-40256301
2018-12-21 23:09:23,452 - guazi.spiders.car_buy_info - INFO - 解析HC-67981170
2018-12-21 23:09:23,485 - guazi.spiders.car_buy_info - INFO - 解析HC-66384689
2018-12-21 23:09:23,520 - guazi.spiders.car_buy_info - INFO - 解析HC-66239023
2018-12-21 23:09:23,535 - guazi.spiders.car_buy_info - INFO - 开始解析主目录！
2018-12-21 23:09:23,891 - guazi.spiders.car_buy_info - INFO - 解析https://www.guazi.com/bj/buy
2018-12-21 23:09:24,236 - guazi.spiders.car_buy_info - INFO - 解析https://www.guazi.com/bj/buy/o2/
2018-12-21 23:09:24,836 - guazi.spiders.car_buy_info - INFO - 解析https://www.guazi.com/bj/buy/o3/
2018-12-21 23:09:25,203 - guazi.spiders.car_buy_info - INFO - 解析https://www.guazi.com/bj/buy/o4/
2018-12-21 23:09:25,544 - guazi.spiders.car_buy_info - INFO - 解析https://www.guazi.com/bj/buy/o5/
2018-12-21 23:09:25,867 - guazi.spiders.car_buy_info - INFO - 解析https://www.guazi.com/bj/buy/o6/
2018-12-21 23:09:26,240 - guazi.spiders.car_buy_info - INFO - 解析https://www.guazi.com/bj/buy/o7/
2018-12-21 23:09:26,576 - guazi.spiders.car_buy_info - INFO - 解析HC-68233267
2018-12-21 23:09:26,623 - guazi.spiders.car_buy_info - INFO - 解析HC-67646701
2018-12-21 23:09:26,693 - guazi.spiders.car_buy_info - INFO - 解析HC-64939231
2018-12-21 23:09:26,756 - guazi.spiders.car_buy_info - INFO - 解析HC-66808002
2018-12-21 23:09:26,797 - guazi.spiders.car_buy_info - INFO - 解析HC-66731004
2018-12-21 23:09:26,846 - guazi.spiders.car_buy_info - INFO - 解析https://www.guazi.com/bj/buy/o8/
2018-12-21 23:09:26,967 - guazi.spiders.car_buy_info - INFO - 解析HC-68165718
2018-12-21 23:09:27,009 - guazi.spiders.car_buy_info - INFO - 解析HC-63994718
2018-12-21 23:09:27,041 - guazi.spiders.car_buy_info - INFO - 解析HC-35262411
2018-12-21 23:09:27,143 - guazi.spiders.car_buy_info - INFO - 解析HC-66197561
2018-12-21 23:09:27,228 - guazi.spiders.car_buy_info - INFO - 解析HC-63474382
2018-12-21 23:09:27,274 - guazi.spiders.car_buy_info - INFO - 解析HC-66748971
2018-12-21 23:09:27,319 - guazi.spiders.car_buy_info - INFO - 解析HC-65182368
2018-12-21 23:09:27,366 - guazi.spiders.car_buy_info - INFO - 解析HC-62796290
2018-12-21 23:09:27,527 - guazi.spiders.car_buy_info - INFO - 解析HC-67650440
2018-12-21 23:09:27,616 - guazi.spiders.car_buy_info - INFO - 解析HC-68449744
2018-12-21 23:09:27,663 - guazi.spiders.car_buy_info - INFO - 解析HC-65668400
2018-12-21 23:09:27,717 - guazi.spiders.car_buy_info - INFO - 解析HC-69059261
2018-12-21 23:09:27,871 - guazi.spiders.car_buy_info - INFO - 解析HC-65603938
2018-12-21 23:09:27,943 - guazi.spiders.car_buy_info - INFO - 解析HC-51846962
2018-12-21 23:09:28,004 - guazi.spiders.car_buy_info - INFO - 解析HC-66835739
2018-12-21 23:09:28,079 - guazi.spiders.car_buy_info - INFO - 解析HC-69011445
2018-12-21 23:09:28,212 - guazi.spiders.car_buy_info - INFO - 解析HC-61515423
2018-12-21 23:09:28,265 - guazi.spiders.car_buy_info - INFO - 解析HC-65808257
2018-12-21 23:09:28,329 - guazi.spiders.car_buy_info - INFO - 解析HC-67649113
2018-12-21 23:09:28,332 - guazi.spiders.car_buy_info - INFO - ******************************
2018-12-21 23:09:28,333 - guazi.spiders.car_buy_info - ERROR - <twisted.python.failure.Failure builtins.KeyError: 1>
2018-12-21 23:09:28,333 - guazi.spiders.car_buy_info - INFO - ******************************
2018-12-21 23:09:28,410 - guazi.spiders.car_buy_info - INFO - 解析HC-64046283
2018-12-21 23:09:28,453 - guazi.spiders.car_buy_info - INFO - 解析HC-63305030
2018-12-21 23:09:31,188 - guazi.spiders.car_buy_info - INFO - 解析HC-66220179
2018-12-21 23:09:31,188 - guazi.spiders.car_buy_info - INFO - 解析https://www.guazi.com/bj/buy/o9/
2018-12-21 23:09:31,246 - guazi.spiders.car_buy_info - INFO - 解析HC-63128678
2018-12-21 23:09:31,265 - guazi.spiders.car_buy_info - INFO - ******************************
2018-12-21 23:09:31,265 - guazi.spiders.car_buy_info - ERROR - <twisted.python.failure.Failure builtins.KeyError: 1>
2018-12-21 23:09:31,266 - guazi.spiders.car_buy_info - INFO - ******************************
2018-12-21 23:09:31,266 - guazi.spiders.car_buy_info - INFO - ******************************
2018-12-21 23:09:31,266 - guazi.spiders.car_buy_info - ERROR - <twisted.python.failure.Failure builtins.KeyError: 1>
2018-12-21 23:09:31,266 - guazi.spiders.car_buy_info - INFO - ******************************
2018-12-21 23:09:31,389 - guazi.spiders.car_buy_info - INFO - 解析HC-64523481
2018-12-21 23:09:31,503 - guazi.spiders.car_buy_info - INFO - 解析HC-39731226
2018-12-21 23:09:31,538 - guazi.spiders.car_buy_info - INFO - 解析HC-67428970
2018-12-21 23:09:31,581 - guazi.spiders.car_buy_info - INFO - 解析HC-66807197
2018-12-21 23:09:31,615 - guazi.spiders.car_buy_info - INFO - 解析HC-65633595
2018-12-21 23:09:31,647 - guazi.spiders.car_buy_info - INFO - 解析HC-68501141
2018-12-21 23:09:31,756 - guazi.spiders.car_buy_info - INFO - 解析https://www.guazi.com/bj/buy/o10/
2018-12-21 23:09:31,831 - guazi.spiders.car_buy_info - INFO - 解析HC-67153471
2018-12-21 23:09:31,865 - guazi.spiders.car_buy_info - INFO - 解析HC-64541953
2018-12-21 23:09:31,899 - guazi.spiders.car_buy_info - INFO - 解析HC-66070738
2018-12-21 23:09:32,051 - guazi.spiders.car_buy_info - INFO - 解析HC-66623584
2018-12-21 23:09:32,100 - guazi.spiders.car_buy_info - INFO - 解析HC-43392307
2018-12-21 23:09:32,132 - guazi.spiders.car_buy_info - INFO - 解析HC-67865424
2018-12-21 23:09:32,166 - guazi.spiders.car_buy_info - INFO - 解析HC-65916049
2018-12-21 23:09:32,308 - guazi.spiders.car_buy_info - INFO - 解析HC-67901374
2018-12-21 23:09:32,353 - guazi.spiders.car_buy_info - INFO - 解析HC-64273436
2018-12-21 23:09:32,389 - guazi.spiders.car_buy_info - INFO - 解析HC-62239590
2018-12-21 23:09:32,422 - guazi.spiders.car_buy_info - INFO - 解析HC-68018040
2018-12-21 23:09:32,543 - guazi.spiders.car_buy_info - INFO - 解析HC-62766721
2018-12-21 23:09:32,594 - guazi.spiders.car_buy_info - INFO - 解析HC-67394634
2018-12-21 23:09:32,630 - guazi.spiders.car_buy_info - INFO - 解析HC-58434980
2018-12-21 23:09:32,673 - guazi.spiders.car_buy_info - INFO - 解析HC-67888322
2018-12-21 23:09:32,737 - guazi.spiders.car_buy_info - INFO - 解析HC-64565566
2018-12-21 23:09:32,788 - guazi.spiders.car_buy_info - INFO - 解析https://www.guazi.com/bj/buy/o11/
2018-12-21 23:09:32,877 - guazi.spiders.car_buy_info - INFO - 解析HC-64062153
2018-12-21 23:09:32,912 - guazi.spiders.car_buy_info - INFO - 解析HC-68468741
2018-12-21 23:09:32,944 - guazi.spiders.car_buy_info - INFO - 解析HC-21763885
2018-12-21 23:09:33,142 - guazi.spiders.car_buy_info - INFO - 解析HC-67599866
2018-12-21 23:09:33,187 - guazi.spiders.car_buy_info - INFO - 解析HC-67952227
2018-12-21 23:09:33,304 - guazi.spiders.car_buy_info - INFO - 解析HC-41943136
2018-12-21 23:09:33,337 - guazi.spiders.car_buy_info - INFO - 解析HC-66749823
2018-12-21 23:09:33,397 - guazi.spiders.car_buy_info - INFO - 解析HC-66938354
2018-12-21 23:09:36,041 - guazi.spiders.car_buy_info - INFO - 解析HC-63501685
2018-12-21 23:09:36,091 - guazi.spiders.car_buy_info - INFO - 解析HC-61108829
2018-12-21 23:09:36,130 - guazi.spiders.car_buy_info - INFO - 解析HC-62032746
2018-12-21 23:09:36,135 - guazi.spiders.car_buy_info - INFO - ******************************
2018-12-21 23:09:36,136 - guazi.spiders.car_buy_info - ERROR - <twisted.python.failure.Failure builtins.KeyError: 1>
2018-12-21 23:09:36,136 - guazi.spiders.car_buy_info - INFO - ******************************
2018-12-21 23:09:36,137 - guazi.spiders.car_buy_info - INFO - ******************************
2018-12-21 23:09:36,137 - guazi.spiders.car_buy_info - ERROR - <twisted.python.failure.Failure builtins.KeyError: 1>
2018-12-21 23:09:36,137 - guazi.spiders.car_buy_info - INFO - ******************************
2018-12-21 23:09:36,241 - guazi.spiders.car_buy_info - INFO - 解析HC-49859656
2018-12-21 23:09:36,277 - guazi.spiders.car_buy_info - INFO - 解析HC-65071506
2018-12-21 23:09:36,377 - guazi.spiders.car_buy_info - INFO - 解析HC-36350227
2018-12-21 23:09:36,420 - guazi.spiders.car_buy_info - ERROR - <200 https://www.guazi.com/bj/61fae2a334691dddx.htm>
2018-12-21 23:09:36,665 - guazi.spiders.car_buy_info - INFO - 解析HC-67617195
2018-12-21 23:09:36,715 - guazi.spiders.car_buy_info - INFO - 解析HC-46326477
2018-12-21 23:09:36,907 - guazi.spiders.car_buy_info - INFO - ******************************
2018-12-21 23:09:36,907 - guazi.spiders.car_buy_info - ERROR - <twisted.python.failure.Failure builtins.KeyError: 1>
2018-12-21 23:09:36,907 - guazi.spiders.car_buy_info - INFO - ******************************
2018-12-21 23:09:36,907 - guazi.spiders.car_buy_info - INFO - ******************************
2018-12-21 23:09:36,907 - guazi.spiders.car_buy_info - ERROR - <twisted.python.failure.Failure builtins.KeyError: 1>
2018-12-21 23:09:36,908 - guazi.spiders.car_buy_info - INFO - ******************************
2018-12-21 23:09:37,016 - guazi.spiders.car_buy_info - INFO - 解析HC-66385419
2018-12-21 23:09:37,109 - guazi.spiders.car_buy_info - INFO - 解析HC-66591000
